<html>
<head>
<title>TestNG:  Test_Framework</title>
<link href="../testng.css" rel="stylesheet" type="text/css" />
<link href="../my-testng.css" rel="stylesheet" type="text/css" />

<style type="text/css">
.log { display: none;} 
.stack-trace { display: none;} 
</style>
<script type="text/javascript">
<!--
function flip(e) {
  current = e.style.display;
  if (current == 'block') {
    e.style.display = 'none';
    return 0;
  }
  else {
    e.style.display = 'block';
    return 1;
  }
}

function toggleBox(szDivId, elem, msg1, msg2)
{
  var res = -1;  if (document.getElementById) {
    res = flip(document.getElementById(szDivId));
  }
  else if (document.all) {
    // this is the way old msie versions work
    res = flip(document.all[szDivId]);
  }
  if(elem) {
    if(res == 0) elem.innerHTML = msg1; else elem.innerHTML = msg2;
  }

}

function toggleAllBoxes() {
  if (document.getElementsByTagName) {
    d = document.getElementsByTagName('div');
    for (i = 0; i < d.length; i++) {
      if (d[i].className == 'log') {
        flip(d[i]);
      }
    }
  }
}

// -->
</script>

</head>
<body>
<h2 align='center'>Test_Framework</h2><table border='1' align="center">
<tr>
<td>Tests passed/Failed/Skipped:</td><td>6/1/10</td>
</tr><tr>
<td>Started on:</td><td>Mon Feb 01 07:16:17 UTC 2021</td>
</tr>
<tr><td>Total time:</td><td>120 seconds (120692 ms)</td>
</tr><tr>
<td>Included groups:</td><td></td>
</tr><tr>
<td>Excluded groups:</td><td></td>
</tr>
</table><p/>
<small><i>(Hover the method name to see the test class name)</i></small><p/>
<table width='100%' border='1' class='invocation-failed'>
<tr><td colspan='4' align='center'><b>FAILED TESTS</b></td></tr>
<tr><td><b>Test method</b></td>
<td width="30%"><b>Exception</b></td>
<td width="10%"><b>Time (seconds)</b></td>
<td><b>Instance</b></td>
</tr>
<tr>
<td title='framework.excel.TestNG_with_ExcelDataProvider.Diff()'><b>Diff</b><br>Test class: framework.excel.TestNG_with_ExcelDataProvider<br>Parameters: 5, 7, -18<br/>
<a href="#Output-914374969" onClick='toggleBox("Output-914374969", this, "Show output", "Hide output");'>Show output</a>

<a href="#Output-914374969" onClick="toggleAllBoxes();">Show all outputs</a>
<div class='log' id="Output-914374969">
********** Inside the @Test which uses [MethodAsDataProvider] data provider<br/>
</div>
</td>
<td><div><pre>java.lang.AssertionError: expected [-2] but found [-18]
	at framework.excel.TestNG_with_ExcelDataProvider.Diff(TestNG_with_ExcelDataProvider.java:156)
	at java.util.ArrayList.forEach(ArrayList.java:1259)
... Removed 33 stack frames</pre></div><a href='#' onClick='toggleBox("stack-trace914374969", this, "Click to show all stack frames", "Click to hide stack frames")'>Click to show all stack frames</a>
<div class='stack-trace' id='stack-trace914374969'><pre>java.lang.AssertionError: expected [-2] but found [-18]
	at org.testng.Assert.fail(Assert.java:99)
	at org.testng.Assert.failNotEquals(Assert.java:1037)
	at org.testng.Assert.assertEqualsImpl(Assert.java:140)
	at org.testng.Assert.assertEquals(Assert.java:122)
	at org.testng.Assert.assertEquals(Assert.java:907)
	at org.testng.Assert.assertEquals(Assert.java:917)
	at framework.excel.TestNG_with_ExcelDataProvider.Diff(TestNG_with_ExcelDataProvider.java:156)
	at sun.reflect.NativeMethodAccessorImpl.invoke0(Native Method)
	at sun.reflect.NativeMethodAccessorImpl.invoke(NativeMethodAccessorImpl.java:62)
	at sun.reflect.DelegatingMethodAccessorImpl.invoke(DelegatingMethodAccessorImpl.java:43)
	at java.lang.reflect.Method.invoke(Method.java:498)
	at org.testng.internal.MethodInvocationHelper.invokeMethod(MethodInvocationHelper.java:132)
	at org.testng.internal.TestInvoker.invokeMethod(TestInvoker.java:599)
	at org.testng.internal.TestInvoker.retryFailed(TestInvoker.java:214)
	at org.testng.internal.MethodRunner.runInSequence(MethodRunner.java:58)
	at org.testng.internal.TestInvoker$MethodInvocationAgent.invoke(TestInvoker.java:822)
	at org.testng.internal.TestInvoker.invokeTestMethods(TestInvoker.java:147)
	at org.testng.internal.TestMethodWorker.invokeTestMethods(TestMethodWorker.java:146)
	at org.testng.internal.TestMethodWorker.run(TestMethodWorker.java:128)
	at java.util.ArrayList.forEach(ArrayList.java:1259)
	at org.testng.TestRunner.privateRun(TestRunner.java:764)
	at org.testng.TestRunner.run(TestRunner.java:585)
	at org.testng.SuiteRunner.runTest(SuiteRunner.java:384)
	at org.testng.SuiteRunner.runSequentially(SuiteRunner.java:378)
	at org.testng.SuiteRunner.privateRun(SuiteRunner.java:337)
	at org.testng.SuiteRunner.run(SuiteRunner.java:286)
	at org.testng.SuiteRunnerWorker.runSuite(SuiteRunnerWorker.java:53)
	at org.testng.SuiteRunnerWorker.run(SuiteRunnerWorker.java:96)
	at org.testng.TestNG.runSuitesSequentially(TestNG.java:1218)
	at org.testng.TestNG.runSuitesLocally(TestNG.java:1140)
	at org.testng.TestNG.runSuites(TestNG.java:1069)
	at org.testng.TestNG.run(TestNG.java:1037)
	at org.testng.remote.AbstractRemoteTestNG.run(AbstractRemoteTestNG.java:115)
	at org.testng.remote.RemoteTestNG.initAndRun(RemoteTestNG.java:251)
	at org.testng.remote.RemoteTestNG.main(RemoteTestNG.java:77)
</pre></div></td>
<td>0</td>
<td>framework.excel.TestNG_with_ExcelDataProvider@69a3d1d</td></tr>
</table><p>
<table width='100%' border='1' class='invocation-passed'>
<tr><td colspan='4' align='center'><b>PASSED TESTS</b></td></tr>
<tr><td><b>Test method</b></td>
<td width="30%"><b>Exception</b></td>
<td width="10%"><b>Time (seconds)</b></td>
<td><b>Instance</b></td>
</tr>
<tr>
<td title='framework.excel.TestNG_with_ExcelDataProvider.Diff()'><b>Diff</b><br>Test class: framework.excel.TestNG_with_ExcelDataProvider<br>Parameters: 2, 3, -1<br/>
<a href="#Output-1848289347" onClick='toggleBox("Output-1848289347", this, "Show output", "Hide output");'>Show output</a>

<a href="#Output-1848289347" onClick="toggleAllBoxes();">Show all outputs</a>
<div class='log' id="Output-1848289347">
********** Inside the @Test which uses [MethodAsDataProvider] data provider<br/>
********** End of the @Test which uses [ExcelAsDataProvider] data provider<br/>
</div>
</td>
<td></td>
<td>0</td>
<td>framework.excel.TestNG_with_ExcelDataProvider@69a3d1d</td></tr>
<tr>
<td title='framework.excel.TestNG_with_ExcelDataProvider.Registration_data()'><b>Registration_data</b><br>Test class: framework.excel.TestNG_with_ExcelDataProvider<br>Parameters: Jimmy, Person-1, jimmyP1@xyz.com, 8606<br/>
<a href="#Output-1087072654" onClick='toggleBox("Output-1087072654", this, "Show output", "Hide output");'>Show output</a>

<a href="#Output-1087072654" onClick="toggleAllBoxes();">Show all outputs</a>
<div class='log' id="Output-1087072654">
********** Inside the @Test which uses [ExcelAsDataProvider] data provider<br/>
********** End of the @Test which uses [ExcelAsDataProvider] data provider<br/>
</div>
</td>
<td></td>
<td>21</td>
<td>framework.excel.TestNG_with_ExcelDataProvider@69a3d1d</td></tr>
<tr>
<td title='framework.excel.TestNG_with_ExcelDataProvider.Registration_data()'><b>Registration_data</b><br>Test class: framework.excel.TestNG_with_ExcelDataProvider<br>Parameters: Carol, Person-2, carolP2@abc.ol, 1223<br/>
<a href="#Output-798622145" onClick='toggleBox("Output-798622145", this, "Show output", "Hide output");'>Show output</a>

<a href="#Output-798622145" onClick="toggleAllBoxes();">Show all outputs</a>
<div class='log' id="Output-798622145">
********** Inside the @Test which uses [ExcelAsDataProvider] data provider<br/>
********** End of the @Test which uses [ExcelAsDataProvider] data provider<br/>
</div>
</td>
<td></td>
<td>21</td>
<td>framework.excel.TestNG_with_ExcelDataProvider@69a3d1d</td></tr>
<tr>
<td title='framework.excel.TestNG_with_ExcelDataProvider.Registration_data()'><b>Registration_data</b><br>Test class: framework.excel.TestNG_with_ExcelDataProvider<br>Parameters: Henry, Person-3, henryP3@qqq.com, 4089<br/>
<a href="#Output-820677667" onClick='toggleBox("Output-820677667", this, "Show output", "Hide output");'>Show output</a>

<a href="#Output-820677667" onClick="toggleAllBoxes();">Show all outputs</a>
<div class='log' id="Output-820677667">
********** Inside the @Test which uses [ExcelAsDataProvider] data provider<br/>
********** End of the @Test which uses [ExcelAsDataProvider] data provider<br/>
</div>
</td>
<td></td>
<td>21</td>
<td>framework.excel.TestNG_with_ExcelDataProvider@69a3d1d</td></tr>
<tr>
<td title='framework.excel.TestNG_with_ExcelDataProvider.Registration_data()'><b>Registration_data</b><br>Test class: framework.excel.TestNG_with_ExcelDataProvider<br>Parameters: Helen, Person-4, helenP4@xyz.com, 6578<br/>
<a href="#Output-255941269" onClick='toggleBox("Output-255941269", this, "Show output", "Hide output");'>Show output</a>

<a href="#Output-255941269" onClick="toggleAllBoxes();">Show all outputs</a>
<div class='log' id="Output-255941269">
********** Inside the @Test which uses [ExcelAsDataProvider] data provider<br/>
********** End of the @Test which uses [ExcelAsDataProvider] data provider<br/>
</div>
</td>
<td></td>
<td>21</td>
<td>framework.excel.TestNG_with_ExcelDataProvider@69a3d1d</td></tr>
<tr>
<td title='framework.excel.TestNG_with_ExcelDataProvider.Registration_data()'><b>Registration_data</b><br>Test class: framework.excel.TestNG_with_ExcelDataProvider<br>Parameters: Murray, Person-5, murrayP@xyz.com, 2222<br/>
<a href="#Output-1263391254" onClick='toggleBox("Output-1263391254", this, "Show output", "Hide output");'>Show output</a>

<a href="#Output-1263391254" onClick="toggleAllBoxes();">Show all outputs</a>
<div class='log' id="Output-1263391254">
********** Inside the @Test which uses [ExcelAsDataProvider] data provider<br/>
********** End of the @Test which uses [ExcelAsDataProvider] data provider<br/>
</div>
</td>
<td></td>
<td>21</td>
<td>framework.excel.TestNG_with_ExcelDataProvider@69a3d1d</td></tr>
</table><p>
<table width='100%' border='1' class='invocation-skipped'>
<tr><td colspan='4' align='center'><b>SKIPPED TESTS</b></td></tr>
<tr><td><b>Test method</b></td>
<td width="30%"><b>Exception</b></td>
<td width="10%"><b>Time (seconds)</b></td>
<td><b>Instance</b></td>
</tr>
<tr>
<td title='framework.excel.TestNG_with_ExcelDataProvider.Diff()'><b>Diff</b><br>Test class: framework.excel.TestNG_with_ExcelDataProvider<br>Parameters: 5, 7, -18<br/>
<a href="#Output-795321555" onClick='toggleBox("Output-795321555", this, "Show output", "Hide output");'>Show output</a>

<a href="#Output-795321555" onClick="toggleAllBoxes();">Show all outputs</a>
<div class='log' id="Output-795321555">
********** Inside the @Test which uses [MethodAsDataProvider] data provider<br/>
</div>
</td>
<td><div><pre>java.lang.AssertionError: expected [-2] but found [-18]
	at framework.excel.TestNG_with_ExcelDataProvider.Diff(TestNG_with_ExcelDataProvider.java:156)
	at java.util.ArrayList.forEach(ArrayList.java:1259)
... Removed 33 stack frames</pre></div><a href='#' onClick='toggleBox("stack-trace795321555", this, "Click to show all stack frames", "Click to hide stack frames")'>Click to show all stack frames</a>
<div class='stack-trace' id='stack-trace795321555'><pre>java.lang.AssertionError: expected [-2] but found [-18]
	at org.testng.Assert.fail(Assert.java:99)
	at org.testng.Assert.failNotEquals(Assert.java:1037)
	at org.testng.Assert.assertEqualsImpl(Assert.java:140)
	at org.testng.Assert.assertEquals(Assert.java:122)
	at org.testng.Assert.assertEquals(Assert.java:907)
	at org.testng.Assert.assertEquals(Assert.java:917)
	at framework.excel.TestNG_with_ExcelDataProvider.Diff(TestNG_with_ExcelDataProvider.java:156)
	at sun.reflect.NativeMethodAccessorImpl.invoke0(Native Method)
	at sun.reflect.NativeMethodAccessorImpl.invoke(NativeMethodAccessorImpl.java:62)
	at sun.reflect.DelegatingMethodAccessorImpl.invoke(DelegatingMethodAccessorImpl.java:43)
	at java.lang.reflect.Method.invoke(Method.java:498)
	at org.testng.internal.MethodInvocationHelper.invokeMethod(MethodInvocationHelper.java:132)
	at org.testng.internal.TestInvoker.invokeMethod(TestInvoker.java:599)
	at org.testng.internal.TestInvoker.invokeTestMethod(TestInvoker.java:174)
	at org.testng.internal.MethodRunner.runInSequence(MethodRunner.java:46)
	at org.testng.internal.TestInvoker$MethodInvocationAgent.invoke(TestInvoker.java:822)
	at org.testng.internal.TestInvoker.invokeTestMethods(TestInvoker.java:147)
	at org.testng.internal.TestMethodWorker.invokeTestMethods(TestMethodWorker.java:146)
	at org.testng.internal.TestMethodWorker.run(TestMethodWorker.java:128)
	at java.util.ArrayList.forEach(ArrayList.java:1259)
	at org.testng.TestRunner.privateRun(TestRunner.java:764)
	at org.testng.TestRunner.run(TestRunner.java:585)
	at org.testng.SuiteRunner.runTest(SuiteRunner.java:384)
	at org.testng.SuiteRunner.runSequentially(SuiteRunner.java:378)
	at org.testng.SuiteRunner.privateRun(SuiteRunner.java:337)
	at org.testng.SuiteRunner.run(SuiteRunner.java:286)
	at org.testng.SuiteRunnerWorker.runSuite(SuiteRunnerWorker.java:53)
	at org.testng.SuiteRunnerWorker.run(SuiteRunnerWorker.java:96)
	at org.testng.TestNG.runSuitesSequentially(TestNG.java:1218)
	at org.testng.TestNG.runSuitesLocally(TestNG.java:1140)
	at org.testng.TestNG.runSuites(TestNG.java:1069)
	at org.testng.TestNG.run(TestNG.java:1037)
	at org.testng.remote.AbstractRemoteTestNG.run(AbstractRemoteTestNG.java:115)
	at org.testng.remote.RemoteTestNG.initAndRun(RemoteTestNG.java:251)
	at org.testng.remote.RemoteTestNG.main(RemoteTestNG.java:77)
</pre></div></td>
<td>0</td>
<td>framework.excel.TestNG_with_ExcelDataProvider@69a3d1d</td></tr>
<tr>
<td title='framework.excel.TestNG_with_ExcelDataProvider.Diff()'><b>Diff</b><br>Test class: framework.excel.TestNG_with_ExcelDataProvider<br>Parameters: 5, 7, -18<br/>
<a href="#Output-1834361038" onClick='toggleBox("Output-1834361038", this, "Show output", "Hide output");'>Show output</a>

<a href="#Output-1834361038" onClick="toggleAllBoxes();">Show all outputs</a>
<div class='log' id="Output-1834361038">
********** Inside the @Test which uses [MethodAsDataProvider] data provider<br/>
</div>
</td>
<td><div><pre>java.lang.AssertionError: expected [-2] but found [-18]
	at framework.excel.TestNG_with_ExcelDataProvider.Diff(TestNG_with_ExcelDataProvider.java:156)
	at java.util.ArrayList.forEach(ArrayList.java:1259)
... Removed 33 stack frames</pre></div><a href='#' onClick='toggleBox("stack-trace1834361038", this, "Click to show all stack frames", "Click to hide stack frames")'>Click to show all stack frames</a>
<div class='stack-trace' id='stack-trace1834361038'><pre>java.lang.AssertionError: expected [-2] but found [-18]
	at org.testng.Assert.fail(Assert.java:99)
	at org.testng.Assert.failNotEquals(Assert.java:1037)
	at org.testng.Assert.assertEqualsImpl(Assert.java:140)
	at org.testng.Assert.assertEquals(Assert.java:122)
	at org.testng.Assert.assertEquals(Assert.java:907)
	at org.testng.Assert.assertEquals(Assert.java:917)
	at framework.excel.TestNG_with_ExcelDataProvider.Diff(TestNG_with_ExcelDataProvider.java:156)
	at sun.reflect.NativeMethodAccessorImpl.invoke0(Native Method)
	at sun.reflect.NativeMethodAccessorImpl.invoke(NativeMethodAccessorImpl.java:62)
	at sun.reflect.DelegatingMethodAccessorImpl.invoke(DelegatingMethodAccessorImpl.java:43)
	at java.lang.reflect.Method.invoke(Method.java:498)
	at org.testng.internal.MethodInvocationHelper.invokeMethod(MethodInvocationHelper.java:132)
	at org.testng.internal.TestInvoker.invokeMethod(TestInvoker.java:599)
	at org.testng.internal.TestInvoker.retryFailed(TestInvoker.java:214)
	at org.testng.internal.MethodRunner.runInSequence(MethodRunner.java:58)
	at org.testng.internal.TestInvoker$MethodInvocationAgent.invoke(TestInvoker.java:822)
	at org.testng.internal.TestInvoker.invokeTestMethods(TestInvoker.java:147)
	at org.testng.internal.TestMethodWorker.invokeTestMethods(TestMethodWorker.java:146)
	at org.testng.internal.TestMethodWorker.run(TestMethodWorker.java:128)
	at java.util.ArrayList.forEach(ArrayList.java:1259)
	at org.testng.TestRunner.privateRun(TestRunner.java:764)
	at org.testng.TestRunner.run(TestRunner.java:585)
	at org.testng.SuiteRunner.runTest(SuiteRunner.java:384)
	at org.testng.SuiteRunner.runSequentially(SuiteRunner.java:378)
	at org.testng.SuiteRunner.privateRun(SuiteRunner.java:337)
	at org.testng.SuiteRunner.run(SuiteRunner.java:286)
	at org.testng.SuiteRunnerWorker.runSuite(SuiteRunnerWorker.java:53)
	at org.testng.SuiteRunnerWorker.run(SuiteRunnerWorker.java:96)
	at org.testng.TestNG.runSuitesSequentially(TestNG.java:1218)
	at org.testng.TestNG.runSuitesLocally(TestNG.java:1140)
	at org.testng.TestNG.runSuites(TestNG.java:1069)
	at org.testng.TestNG.run(TestNG.java:1037)
	at org.testng.remote.AbstractRemoteTestNG.run(AbstractRemoteTestNG.java:115)
	at org.testng.remote.RemoteTestNG.initAndRun(RemoteTestNG.java:251)
	at org.testng.remote.RemoteTestNG.main(RemoteTestNG.java:77)
</pre></div></td>
<td>0</td>
<td>framework.excel.TestNG_with_ExcelDataProvider@69a3d1d</td></tr>
<tr>
<td title='framework.excel.TestNG_with_ExcelDataProvider.Diff()'><b>Diff</b><br>Test class: framework.excel.TestNG_with_ExcelDataProvider<br>Parameters: 5, 7, -18<br/>
<a href="#Output-1680503330" onClick='toggleBox("Output-1680503330", this, "Show output", "Hide output");'>Show output</a>

<a href="#Output-1680503330" onClick="toggleAllBoxes();">Show all outputs</a>
<div class='log' id="Output-1680503330">
********** Inside the @Test which uses [MethodAsDataProvider] data provider<br/>
</div>
</td>
<td><div><pre>java.lang.AssertionError: expected [-2] but found [-18]
	at framework.excel.TestNG_with_ExcelDataProvider.Diff(TestNG_with_ExcelDataProvider.java:156)
	at java.util.ArrayList.forEach(ArrayList.java:1259)
... Removed 33 stack frames</pre></div><a href='#' onClick='toggleBox("stack-trace1680503330", this, "Click to show all stack frames", "Click to hide stack frames")'>Click to show all stack frames</a>
<div class='stack-trace' id='stack-trace1680503330'><pre>java.lang.AssertionError: expected [-2] but found [-18]
	at org.testng.Assert.fail(Assert.java:99)
	at org.testng.Assert.failNotEquals(Assert.java:1037)
	at org.testng.Assert.assertEqualsImpl(Assert.java:140)
	at org.testng.Assert.assertEquals(Assert.java:122)
	at org.testng.Assert.assertEquals(Assert.java:907)
	at org.testng.Assert.assertEquals(Assert.java:917)
	at framework.excel.TestNG_with_ExcelDataProvider.Diff(TestNG_with_ExcelDataProvider.java:156)
	at sun.reflect.NativeMethodAccessorImpl.invoke0(Native Method)
	at sun.reflect.NativeMethodAccessorImpl.invoke(NativeMethodAccessorImpl.java:62)
	at sun.reflect.DelegatingMethodAccessorImpl.invoke(DelegatingMethodAccessorImpl.java:43)
	at java.lang.reflect.Method.invoke(Method.java:498)
	at org.testng.internal.MethodInvocationHelper.invokeMethod(MethodInvocationHelper.java:132)
	at org.testng.internal.TestInvoker.invokeMethod(TestInvoker.java:599)
	at org.testng.internal.TestInvoker.retryFailed(TestInvoker.java:214)
	at org.testng.internal.MethodRunner.runInSequence(MethodRunner.java:58)
	at org.testng.internal.TestInvoker$MethodInvocationAgent.invoke(TestInvoker.java:822)
	at org.testng.internal.TestInvoker.invokeTestMethods(TestInvoker.java:147)
	at org.testng.internal.TestMethodWorker.invokeTestMethods(TestMethodWorker.java:146)
	at org.testng.internal.TestMethodWorker.run(TestMethodWorker.java:128)
	at java.util.ArrayList.forEach(ArrayList.java:1259)
	at org.testng.TestRunner.privateRun(TestRunner.java:764)
	at org.testng.TestRunner.run(TestRunner.java:585)
	at org.testng.SuiteRunner.runTest(SuiteRunner.java:384)
	at org.testng.SuiteRunner.runSequentially(SuiteRunner.java:378)
	at org.testng.SuiteRunner.privateRun(SuiteRunner.java:337)
	at org.testng.SuiteRunner.run(SuiteRunner.java:286)
	at org.testng.SuiteRunnerWorker.runSuite(SuiteRunnerWorker.java:53)
	at org.testng.SuiteRunnerWorker.run(SuiteRunnerWorker.java:96)
	at org.testng.TestNG.runSuitesSequentially(TestNG.java:1218)
	at org.testng.TestNG.runSuitesLocally(TestNG.java:1140)
	at org.testng.TestNG.runSuites(TestNG.java:1069)
	at org.testng.TestNG.run(TestNG.java:1037)
	at org.testng.remote.AbstractRemoteTestNG.run(AbstractRemoteTestNG.java:115)
	at org.testng.remote.RemoteTestNG.initAndRun(RemoteTestNG.java:251)
	at org.testng.remote.RemoteTestNG.main(RemoteTestNG.java:77)
</pre></div></td>
<td>0</td>
<td>framework.excel.TestNG_with_ExcelDataProvider@69a3d1d</td></tr>
<tr>
<td title='framework.excel.TestNG_with_ExcelDataProvider.Diff()'><b>Diff</b><br>Test class: framework.excel.TestNG_with_ExcelDataProvider<br>Parameters: 5, 7, -18<br/>
<a href="#Output-566113173" onClick='toggleBox("Output-566113173", this, "Show output", "Hide output");'>Show output</a>

<a href="#Output-566113173" onClick="toggleAllBoxes();">Show all outputs</a>
<div class='log' id="Output-566113173">
********** Inside the @Test which uses [MethodAsDataProvider] data provider<br/>
</div>
</td>
<td><div><pre>java.lang.AssertionError: expected [-2] but found [-18]
	at framework.excel.TestNG_with_ExcelDataProvider.Diff(TestNG_with_ExcelDataProvider.java:156)
	at java.util.ArrayList.forEach(ArrayList.java:1259)
... Removed 33 stack frames</pre></div><a href='#' onClick='toggleBox("stack-trace566113173", this, "Click to show all stack frames", "Click to hide stack frames")'>Click to show all stack frames</a>
<div class='stack-trace' id='stack-trace566113173'><pre>java.lang.AssertionError: expected [-2] but found [-18]
	at org.testng.Assert.fail(Assert.java:99)
	at org.testng.Assert.failNotEquals(Assert.java:1037)
	at org.testng.Assert.assertEqualsImpl(Assert.java:140)
	at org.testng.Assert.assertEquals(Assert.java:122)
	at org.testng.Assert.assertEquals(Assert.java:907)
	at org.testng.Assert.assertEquals(Assert.java:917)
	at framework.excel.TestNG_with_ExcelDataProvider.Diff(TestNG_with_ExcelDataProvider.java:156)
	at sun.reflect.NativeMethodAccessorImpl.invoke0(Native Method)
	at sun.reflect.NativeMethodAccessorImpl.invoke(NativeMethodAccessorImpl.java:62)
	at sun.reflect.DelegatingMethodAccessorImpl.invoke(DelegatingMethodAccessorImpl.java:43)
	at java.lang.reflect.Method.invoke(Method.java:498)
	at org.testng.internal.MethodInvocationHelper.invokeMethod(MethodInvocationHelper.java:132)
	at org.testng.internal.TestInvoker.invokeMethod(TestInvoker.java:599)
	at org.testng.internal.TestInvoker.retryFailed(TestInvoker.java:214)
	at org.testng.internal.MethodRunner.runInSequence(MethodRunner.java:58)
	at org.testng.internal.TestInvoker$MethodInvocationAgent.invoke(TestInvoker.java:822)
	at org.testng.internal.TestInvoker.invokeTestMethods(TestInvoker.java:147)
	at org.testng.internal.TestMethodWorker.invokeTestMethods(TestMethodWorker.java:146)
	at org.testng.internal.TestMethodWorker.run(TestMethodWorker.java:128)
	at java.util.ArrayList.forEach(ArrayList.java:1259)
	at org.testng.TestRunner.privateRun(TestRunner.java:764)
	at org.testng.TestRunner.run(TestRunner.java:585)
	at org.testng.SuiteRunner.runTest(SuiteRunner.java:384)
	at org.testng.SuiteRunner.runSequentially(SuiteRunner.java:378)
	at org.testng.SuiteRunner.privateRun(SuiteRunner.java:337)
	at org.testng.SuiteRunner.run(SuiteRunner.java:286)
	at org.testng.SuiteRunnerWorker.runSuite(SuiteRunnerWorker.java:53)
	at org.testng.SuiteRunnerWorker.run(SuiteRunnerWorker.java:96)
	at org.testng.TestNG.runSuitesSequentially(TestNG.java:1218)
	at org.testng.TestNG.runSuitesLocally(TestNG.java:1140)
	at org.testng.TestNG.runSuites(TestNG.java:1069)
	at org.testng.TestNG.run(TestNG.java:1037)
	at org.testng.remote.AbstractRemoteTestNG.run(AbstractRemoteTestNG.java:115)
	at org.testng.remote.RemoteTestNG.initAndRun(RemoteTestNG.java:251)
	at org.testng.remote.RemoteTestNG.main(RemoteTestNG.java:77)
</pre></div></td>
<td>0</td>
<td>framework.excel.TestNG_with_ExcelDataProvider@69a3d1d</td></tr>
<tr>
<td title='framework.excel.TestNG_with_ExcelDataProvider.Diff()'><b>Diff</b><br>Test class: framework.excel.TestNG_with_ExcelDataProvider<br>Parameters: 5, 7, -18<br/>
<a href="#Output-2017797638" onClick='toggleBox("Output-2017797638", this, "Show output", "Hide output");'>Show output</a>

<a href="#Output-2017797638" onClick="toggleAllBoxes();">Show all outputs</a>
<div class='log' id="Output-2017797638">
********** Inside the @Test which uses [MethodAsDataProvider] data provider<br/>
</div>
</td>
<td><div><pre>java.lang.AssertionError: expected [-2] but found [-18]
	at framework.excel.TestNG_with_ExcelDataProvider.Diff(TestNG_with_ExcelDataProvider.java:156)
	at java.util.ArrayList.forEach(ArrayList.java:1259)
... Removed 33 stack frames</pre></div><a href='#' onClick='toggleBox("stack-trace2017797638", this, "Click to show all stack frames", "Click to hide stack frames")'>Click to show all stack frames</a>
<div class='stack-trace' id='stack-trace2017797638'><pre>java.lang.AssertionError: expected [-2] but found [-18]
	at org.testng.Assert.fail(Assert.java:99)
	at org.testng.Assert.failNotEquals(Assert.java:1037)
	at org.testng.Assert.assertEqualsImpl(Assert.java:140)
	at org.testng.Assert.assertEquals(Assert.java:122)
	at org.testng.Assert.assertEquals(Assert.java:907)
	at org.testng.Assert.assertEquals(Assert.java:917)
	at framework.excel.TestNG_with_ExcelDataProvider.Diff(TestNG_with_ExcelDataProvider.java:156)
	at sun.reflect.NativeMethodAccessorImpl.invoke0(Native Method)
	at sun.reflect.NativeMethodAccessorImpl.invoke(NativeMethodAccessorImpl.java:62)
	at sun.reflect.DelegatingMethodAccessorImpl.invoke(DelegatingMethodAccessorImpl.java:43)
	at java.lang.reflect.Method.invoke(Method.java:498)
	at org.testng.internal.MethodInvocationHelper.invokeMethod(MethodInvocationHelper.java:132)
	at org.testng.internal.TestInvoker.invokeMethod(TestInvoker.java:599)
	at org.testng.internal.TestInvoker.retryFailed(TestInvoker.java:214)
	at org.testng.internal.MethodRunner.runInSequence(MethodRunner.java:58)
	at org.testng.internal.TestInvoker$MethodInvocationAgent.invoke(TestInvoker.java:822)
	at org.testng.internal.TestInvoker.invokeTestMethods(TestInvoker.java:147)
	at org.testng.internal.TestMethodWorker.invokeTestMethods(TestMethodWorker.java:146)
	at org.testng.internal.TestMethodWorker.run(TestMethodWorker.java:128)
	at java.util.ArrayList.forEach(ArrayList.java:1259)
	at org.testng.TestRunner.privateRun(TestRunner.java:764)
	at org.testng.TestRunner.run(TestRunner.java:585)
	at org.testng.SuiteRunner.runTest(SuiteRunner.java:384)
	at org.testng.SuiteRunner.runSequentially(SuiteRunner.java:378)
	at org.testng.SuiteRunner.privateRun(SuiteRunner.java:337)
	at org.testng.SuiteRunner.run(SuiteRunner.java:286)
	at org.testng.SuiteRunnerWorker.runSuite(SuiteRunnerWorker.java:53)
	at org.testng.SuiteRunnerWorker.run(SuiteRunnerWorker.java:96)
	at org.testng.TestNG.runSuitesSequentially(TestNG.java:1218)
	at org.testng.TestNG.runSuitesLocally(TestNG.java:1140)
	at org.testng.TestNG.runSuites(TestNG.java:1069)
	at org.testng.TestNG.run(TestNG.java:1037)
	at org.testng.remote.AbstractRemoteTestNG.run(AbstractRemoteTestNG.java:115)
	at org.testng.remote.RemoteTestNG.initAndRun(RemoteTestNG.java:251)
	at org.testng.remote.RemoteTestNG.main(RemoteTestNG.java:77)
</pre></div></td>
<td>0</td>
<td>framework.excel.TestNG_with_ExcelDataProvider@69a3d1d</td></tr>
<tr>
<td title='framework.excel.TestNG_with_ExcelDataProvider.Diff()'><b>Diff</b><br>Test class: framework.excel.TestNG_with_ExcelDataProvider<br>Parameters: 5, 7, -18<br/>
<a href="#Output-1150058854" onClick='toggleBox("Output-1150058854", this, "Show output", "Hide output");'>Show output</a>

<a href="#Output-1150058854" onClick="toggleAllBoxes();">Show all outputs</a>
<div class='log' id="Output-1150058854">
********** Inside the @Test which uses [MethodAsDataProvider] data provider<br/>
</div>
</td>
<td><div><pre>java.lang.AssertionError: expected [-2] but found [-18]
	at framework.excel.TestNG_with_ExcelDataProvider.Diff(TestNG_with_ExcelDataProvider.java:156)
	at java.util.ArrayList.forEach(ArrayList.java:1259)
... Removed 33 stack frames</pre></div><a href='#' onClick='toggleBox("stack-trace1150058854", this, "Click to show all stack frames", "Click to hide stack frames")'>Click to show all stack frames</a>
<div class='stack-trace' id='stack-trace1150058854'><pre>java.lang.AssertionError: expected [-2] but found [-18]
	at org.testng.Assert.fail(Assert.java:99)
	at org.testng.Assert.failNotEquals(Assert.java:1037)
	at org.testng.Assert.assertEqualsImpl(Assert.java:140)
	at org.testng.Assert.assertEquals(Assert.java:122)
	at org.testng.Assert.assertEquals(Assert.java:907)
	at org.testng.Assert.assertEquals(Assert.java:917)
	at framework.excel.TestNG_with_ExcelDataProvider.Diff(TestNG_with_ExcelDataProvider.java:156)
	at sun.reflect.NativeMethodAccessorImpl.invoke0(Native Method)
	at sun.reflect.NativeMethodAccessorImpl.invoke(NativeMethodAccessorImpl.java:62)
	at sun.reflect.DelegatingMethodAccessorImpl.invoke(DelegatingMethodAccessorImpl.java:43)
	at java.lang.reflect.Method.invoke(Method.java:498)
	at org.testng.internal.MethodInvocationHelper.invokeMethod(MethodInvocationHelper.java:132)
	at org.testng.internal.TestInvoker.invokeMethod(TestInvoker.java:599)
	at org.testng.internal.TestInvoker.retryFailed(TestInvoker.java:214)
	at org.testng.internal.MethodRunner.runInSequence(MethodRunner.java:58)
	at org.testng.internal.TestInvoker$MethodInvocationAgent.invoke(TestInvoker.java:822)
	at org.testng.internal.TestInvoker.invokeTestMethods(TestInvoker.java:147)
	at org.testng.internal.TestMethodWorker.invokeTestMethods(TestMethodWorker.java:146)
	at org.testng.internal.TestMethodWorker.run(TestMethodWorker.java:128)
	at java.util.ArrayList.forEach(ArrayList.java:1259)
	at org.testng.TestRunner.privateRun(TestRunner.java:764)
	at org.testng.TestRunner.run(TestRunner.java:585)
	at org.testng.SuiteRunner.runTest(SuiteRunner.java:384)
	at org.testng.SuiteRunner.runSequentially(SuiteRunner.java:378)
	at org.testng.SuiteRunner.privateRun(SuiteRunner.java:337)
	at org.testng.SuiteRunner.run(SuiteRunner.java:286)
	at org.testng.SuiteRunnerWorker.runSuite(SuiteRunnerWorker.java:53)
	at org.testng.SuiteRunnerWorker.run(SuiteRunnerWorker.java:96)
	at org.testng.TestNG.runSuitesSequentially(TestNG.java:1218)
	at org.testng.TestNG.runSuitesLocally(TestNG.java:1140)
	at org.testng.TestNG.runSuites(TestNG.java:1069)
	at org.testng.TestNG.run(TestNG.java:1037)
	at org.testng.remote.AbstractRemoteTestNG.run(AbstractRemoteTestNG.java:115)
	at org.testng.remote.RemoteTestNG.initAndRun(RemoteTestNG.java:251)
	at org.testng.remote.RemoteTestNG.main(RemoteTestNG.java:77)
</pre></div></td>
<td>0</td>
<td>framework.excel.TestNG_with_ExcelDataProvider@69a3d1d</td></tr>
<tr>
<td title='framework.excel.TestNG_with_ExcelDataProvider.Diff()'><b>Diff</b><br>Test class: framework.excel.TestNG_with_ExcelDataProvider<br>Parameters: 5, 7, -18<br/>
<a href="#Output-366252104" onClick='toggleBox("Output-366252104", this, "Show output", "Hide output");'>Show output</a>

<a href="#Output-366252104" onClick="toggleAllBoxes();">Show all outputs</a>
<div class='log' id="Output-366252104">
********** Inside the @Test which uses [MethodAsDataProvider] data provider<br/>
</div>
</td>
<td><div><pre>java.lang.AssertionError: expected [-2] but found [-18]
	at framework.excel.TestNG_with_ExcelDataProvider.Diff(TestNG_with_ExcelDataProvider.java:156)
	at java.util.ArrayList.forEach(ArrayList.java:1259)
... Removed 33 stack frames</pre></div><a href='#' onClick='toggleBox("stack-trace366252104", this, "Click to show all stack frames", "Click to hide stack frames")'>Click to show all stack frames</a>
<div class='stack-trace' id='stack-trace366252104'><pre>java.lang.AssertionError: expected [-2] but found [-18]
	at org.testng.Assert.fail(Assert.java:99)
	at org.testng.Assert.failNotEquals(Assert.java:1037)
	at org.testng.Assert.assertEqualsImpl(Assert.java:140)
	at org.testng.Assert.assertEquals(Assert.java:122)
	at org.testng.Assert.assertEquals(Assert.java:907)
	at org.testng.Assert.assertEquals(Assert.java:917)
	at framework.excel.TestNG_with_ExcelDataProvider.Diff(TestNG_with_ExcelDataProvider.java:156)
	at sun.reflect.NativeMethodAccessorImpl.invoke0(Native Method)
	at sun.reflect.NativeMethodAccessorImpl.invoke(NativeMethodAccessorImpl.java:62)
	at sun.reflect.DelegatingMethodAccessorImpl.invoke(DelegatingMethodAccessorImpl.java:43)
	at java.lang.reflect.Method.invoke(Method.java:498)
	at org.testng.internal.MethodInvocationHelper.invokeMethod(MethodInvocationHelper.java:132)
	at org.testng.internal.TestInvoker.invokeMethod(TestInvoker.java:599)
	at org.testng.internal.TestInvoker.retryFailed(TestInvoker.java:214)
	at org.testng.internal.MethodRunner.runInSequence(MethodRunner.java:58)
	at org.testng.internal.TestInvoker$MethodInvocationAgent.invoke(TestInvoker.java:822)
	at org.testng.internal.TestInvoker.invokeTestMethods(TestInvoker.java:147)
	at org.testng.internal.TestMethodWorker.invokeTestMethods(TestMethodWorker.java:146)
	at org.testng.internal.TestMethodWorker.run(TestMethodWorker.java:128)
	at java.util.ArrayList.forEach(ArrayList.java:1259)
	at org.testng.TestRunner.privateRun(TestRunner.java:764)
	at org.testng.TestRunner.run(TestRunner.java:585)
	at org.testng.SuiteRunner.runTest(SuiteRunner.java:384)
	at org.testng.SuiteRunner.runSequentially(SuiteRunner.java:378)
	at org.testng.SuiteRunner.privateRun(SuiteRunner.java:337)
	at org.testng.SuiteRunner.run(SuiteRunner.java:286)
	at org.testng.SuiteRunnerWorker.runSuite(SuiteRunnerWorker.java:53)
	at org.testng.SuiteRunnerWorker.run(SuiteRunnerWorker.java:96)
	at org.testng.TestNG.runSuitesSequentially(TestNG.java:1218)
	at org.testng.TestNG.runSuitesLocally(TestNG.java:1140)
	at org.testng.TestNG.runSuites(TestNG.java:1069)
	at org.testng.TestNG.run(TestNG.java:1037)
	at org.testng.remote.AbstractRemoteTestNG.run(AbstractRemoteTestNG.java:115)
	at org.testng.remote.RemoteTestNG.initAndRun(RemoteTestNG.java:251)
	at org.testng.remote.RemoteTestNG.main(RemoteTestNG.java:77)
</pre></div></td>
<td>0</td>
<td>framework.excel.TestNG_with_ExcelDataProvider@69a3d1d</td></tr>
<tr>
<td title='framework.excel.TestNG_with_ExcelDataProvider.Diff()'><b>Diff</b><br>Test class: framework.excel.TestNG_with_ExcelDataProvider<br>Parameters: 5, 7, -18<br/>
<a href="#Output-1346343363" onClick='toggleBox("Output-1346343363", this, "Show output", "Hide output");'>Show output</a>

<a href="#Output-1346343363" onClick="toggleAllBoxes();">Show all outputs</a>
<div class='log' id="Output-1346343363">
********** Inside the @Test which uses [MethodAsDataProvider] data provider<br/>
</div>
</td>
<td><div><pre>java.lang.AssertionError: expected [-2] but found [-18]
	at framework.excel.TestNG_with_ExcelDataProvider.Diff(TestNG_with_ExcelDataProvider.java:156)
	at java.util.ArrayList.forEach(ArrayList.java:1259)
... Removed 33 stack frames</pre></div><a href='#' onClick='toggleBox("stack-trace1346343363", this, "Click to show all stack frames", "Click to hide stack frames")'>Click to show all stack frames</a>
<div class='stack-trace' id='stack-trace1346343363'><pre>java.lang.AssertionError: expected [-2] but found [-18]
	at org.testng.Assert.fail(Assert.java:99)
	at org.testng.Assert.failNotEquals(Assert.java:1037)
	at org.testng.Assert.assertEqualsImpl(Assert.java:140)
	at org.testng.Assert.assertEquals(Assert.java:122)
	at org.testng.Assert.assertEquals(Assert.java:907)
	at org.testng.Assert.assertEquals(Assert.java:917)
	at framework.excel.TestNG_with_ExcelDataProvider.Diff(TestNG_with_ExcelDataProvider.java:156)
	at sun.reflect.NativeMethodAccessorImpl.invoke0(Native Method)
	at sun.reflect.NativeMethodAccessorImpl.invoke(NativeMethodAccessorImpl.java:62)
	at sun.reflect.DelegatingMethodAccessorImpl.invoke(DelegatingMethodAccessorImpl.java:43)
	at java.lang.reflect.Method.invoke(Method.java:498)
	at org.testng.internal.MethodInvocationHelper.invokeMethod(MethodInvocationHelper.java:132)
	at org.testng.internal.TestInvoker.invokeMethod(TestInvoker.java:599)
	at org.testng.internal.TestInvoker.retryFailed(TestInvoker.java:214)
	at org.testng.internal.MethodRunner.runInSequence(MethodRunner.java:58)
	at org.testng.internal.TestInvoker$MethodInvocationAgent.invoke(TestInvoker.java:822)
	at org.testng.internal.TestInvoker.invokeTestMethods(TestInvoker.java:147)
	at org.testng.internal.TestMethodWorker.invokeTestMethods(TestMethodWorker.java:146)
	at org.testng.internal.TestMethodWorker.run(TestMethodWorker.java:128)
	at java.util.ArrayList.forEach(ArrayList.java:1259)
	at org.testng.TestRunner.privateRun(TestRunner.java:764)
	at org.testng.TestRunner.run(TestRunner.java:585)
	at org.testng.SuiteRunner.runTest(SuiteRunner.java:384)
	at org.testng.SuiteRunner.runSequentially(SuiteRunner.java:378)
	at org.testng.SuiteRunner.privateRun(SuiteRunner.java:337)
	at org.testng.SuiteRunner.run(SuiteRunner.java:286)
	at org.testng.SuiteRunnerWorker.runSuite(SuiteRunnerWorker.java:53)
	at org.testng.SuiteRunnerWorker.run(SuiteRunnerWorker.java:96)
	at org.testng.TestNG.runSuitesSequentially(TestNG.java:1218)
	at org.testng.TestNG.runSuitesLocally(TestNG.java:1140)
	at org.testng.TestNG.runSuites(TestNG.java:1069)
	at org.testng.TestNG.run(TestNG.java:1037)
	at org.testng.remote.AbstractRemoteTestNG.run(AbstractRemoteTestNG.java:115)
	at org.testng.remote.RemoteTestNG.initAndRun(RemoteTestNG.java:251)
	at org.testng.remote.RemoteTestNG.main(RemoteTestNG.java:77)
</pre></div></td>
<td>0</td>
<td>framework.excel.TestNG_with_ExcelDataProvider@69a3d1d</td></tr>
<tr>
<td title='framework.excel.TestNG_with_ExcelDataProvider.Diff()'><b>Diff</b><br>Test class: framework.excel.TestNG_with_ExcelDataProvider<br>Parameters: 5, 7, -18<br/>
<a href="#Output-573958827" onClick='toggleBox("Output-573958827", this, "Show output", "Hide output");'>Show output</a>

<a href="#Output-573958827" onClick="toggleAllBoxes();">Show all outputs</a>
<div class='log' id="Output-573958827">
********** Inside the @Test which uses [MethodAsDataProvider] data provider<br/>
</div>
</td>
<td><div><pre>java.lang.AssertionError: expected [-2] but found [-18]
	at framework.excel.TestNG_with_ExcelDataProvider.Diff(TestNG_with_ExcelDataProvider.java:156)
	at java.util.ArrayList.forEach(ArrayList.java:1259)
... Removed 33 stack frames</pre></div><a href='#' onClick='toggleBox("stack-trace573958827", this, "Click to show all stack frames", "Click to hide stack frames")'>Click to show all stack frames</a>
<div class='stack-trace' id='stack-trace573958827'><pre>java.lang.AssertionError: expected [-2] but found [-18]
	at org.testng.Assert.fail(Assert.java:99)
	at org.testng.Assert.failNotEquals(Assert.java:1037)
	at org.testng.Assert.assertEqualsImpl(Assert.java:140)
	at org.testng.Assert.assertEquals(Assert.java:122)
	at org.testng.Assert.assertEquals(Assert.java:907)
	at org.testng.Assert.assertEquals(Assert.java:917)
	at framework.excel.TestNG_with_ExcelDataProvider.Diff(TestNG_with_ExcelDataProvider.java:156)
	at sun.reflect.NativeMethodAccessorImpl.invoke0(Native Method)
	at sun.reflect.NativeMethodAccessorImpl.invoke(NativeMethodAccessorImpl.java:62)
	at sun.reflect.DelegatingMethodAccessorImpl.invoke(DelegatingMethodAccessorImpl.java:43)
	at java.lang.reflect.Method.invoke(Method.java:498)
	at org.testng.internal.MethodInvocationHelper.invokeMethod(MethodInvocationHelper.java:132)
	at org.testng.internal.TestInvoker.invokeMethod(TestInvoker.java:599)
	at org.testng.internal.TestInvoker.retryFailed(TestInvoker.java:214)
	at org.testng.internal.MethodRunner.runInSequence(MethodRunner.java:58)
	at org.testng.internal.TestInvoker$MethodInvocationAgent.invoke(TestInvoker.java:822)
	at org.testng.internal.TestInvoker.invokeTestMethods(TestInvoker.java:147)
	at org.testng.internal.TestMethodWorker.invokeTestMethods(TestMethodWorker.java:146)
	at org.testng.internal.TestMethodWorker.run(TestMethodWorker.java:128)
	at java.util.ArrayList.forEach(ArrayList.java:1259)
	at org.testng.TestRunner.privateRun(TestRunner.java:764)
	at org.testng.TestRunner.run(TestRunner.java:585)
	at org.testng.SuiteRunner.runTest(SuiteRunner.java:384)
	at org.testng.SuiteRunner.runSequentially(SuiteRunner.java:378)
	at org.testng.SuiteRunner.privateRun(SuiteRunner.java:337)
	at org.testng.SuiteRunner.run(SuiteRunner.java:286)
	at org.testng.SuiteRunnerWorker.runSuite(SuiteRunnerWorker.java:53)
	at org.testng.SuiteRunnerWorker.run(SuiteRunnerWorker.java:96)
	at org.testng.TestNG.runSuitesSequentially(TestNG.java:1218)
	at org.testng.TestNG.runSuitesLocally(TestNG.java:1140)
	at org.testng.TestNG.runSuites(TestNG.java:1069)
	at org.testng.TestNG.run(TestNG.java:1037)
	at org.testng.remote.AbstractRemoteTestNG.run(AbstractRemoteTestNG.java:115)
	at org.testng.remote.RemoteTestNG.initAndRun(RemoteTestNG.java:251)
	at org.testng.remote.RemoteTestNG.main(RemoteTestNG.java:77)
</pre></div></td>
<td>0</td>
<td>framework.excel.TestNG_with_ExcelDataProvider@69a3d1d</td></tr>
<tr>
<td title='framework.excel.TestNG_with_ExcelDataProvider.Diff()'><b>Diff</b><br>Test class: framework.excel.TestNG_with_ExcelDataProvider<br>Parameters: 5, 7, -18<br/>
<a href="#Output-1003292107" onClick='toggleBox("Output-1003292107", this, "Show output", "Hide output");'>Show output</a>

<a href="#Output-1003292107" onClick="toggleAllBoxes();">Show all outputs</a>
<div class='log' id="Output-1003292107">
********** Inside the @Test which uses [MethodAsDataProvider] data provider<br/>
</div>
</td>
<td><div><pre>java.lang.AssertionError: expected [-2] but found [-18]
	at framework.excel.TestNG_with_ExcelDataProvider.Diff(TestNG_with_ExcelDataProvider.java:156)
	at java.util.ArrayList.forEach(ArrayList.java:1259)
... Removed 33 stack frames</pre></div><a href='#' onClick='toggleBox("stack-trace1003292107", this, "Click to show all stack frames", "Click to hide stack frames")'>Click to show all stack frames</a>
<div class='stack-trace' id='stack-trace1003292107'><pre>java.lang.AssertionError: expected [-2] but found [-18]
	at org.testng.Assert.fail(Assert.java:99)
	at org.testng.Assert.failNotEquals(Assert.java:1037)
	at org.testng.Assert.assertEqualsImpl(Assert.java:140)
	at org.testng.Assert.assertEquals(Assert.java:122)
	at org.testng.Assert.assertEquals(Assert.java:907)
	at org.testng.Assert.assertEquals(Assert.java:917)
	at framework.excel.TestNG_with_ExcelDataProvider.Diff(TestNG_with_ExcelDataProvider.java:156)
	at sun.reflect.NativeMethodAccessorImpl.invoke0(Native Method)
	at sun.reflect.NativeMethodAccessorImpl.invoke(NativeMethodAccessorImpl.java:62)
	at sun.reflect.DelegatingMethodAccessorImpl.invoke(DelegatingMethodAccessorImpl.java:43)
	at java.lang.reflect.Method.invoke(Method.java:498)
	at org.testng.internal.MethodInvocationHelper.invokeMethod(MethodInvocationHelper.java:132)
	at org.testng.internal.TestInvoker.invokeMethod(TestInvoker.java:599)
	at org.testng.internal.TestInvoker.retryFailed(TestInvoker.java:214)
	at org.testng.internal.MethodRunner.runInSequence(MethodRunner.java:58)
	at org.testng.internal.TestInvoker$MethodInvocationAgent.invoke(TestInvoker.java:822)
	at org.testng.internal.TestInvoker.invokeTestMethods(TestInvoker.java:147)
	at org.testng.internal.TestMethodWorker.invokeTestMethods(TestMethodWorker.java:146)
	at org.testng.internal.TestMethodWorker.run(TestMethodWorker.java:128)
	at java.util.ArrayList.forEach(ArrayList.java:1259)
	at org.testng.TestRunner.privateRun(TestRunner.java:764)
	at org.testng.TestRunner.run(TestRunner.java:585)
	at org.testng.SuiteRunner.runTest(SuiteRunner.java:384)
	at org.testng.SuiteRunner.runSequentially(SuiteRunner.java:378)
	at org.testng.SuiteRunner.privateRun(SuiteRunner.java:337)
	at org.testng.SuiteRunner.run(SuiteRunner.java:286)
	at org.testng.SuiteRunnerWorker.runSuite(SuiteRunnerWorker.java:53)
	at org.testng.SuiteRunnerWorker.run(SuiteRunnerWorker.java:96)
	at org.testng.TestNG.runSuitesSequentially(TestNG.java:1218)
	at org.testng.TestNG.runSuitesLocally(TestNG.java:1140)
	at org.testng.TestNG.runSuites(TestNG.java:1069)
	at org.testng.TestNG.run(TestNG.java:1037)
	at org.testng.remote.AbstractRemoteTestNG.run(AbstractRemoteTestNG.java:115)
	at org.testng.remote.RemoteTestNG.initAndRun(RemoteTestNG.java:251)
	at org.testng.remote.RemoteTestNG.main(RemoteTestNG.java:77)
</pre></div></td>
<td>0</td>
<td>framework.excel.TestNG_with_ExcelDataProvider@69a3d1d</td></tr>
</table><p>
</body>
</html>